<testsuites id="" name="" tests="21" failures="0" skipped="0" errors="0" time="46.364363">
<testsuite name="myAccount.spec.js" timestamp="2024-10-07T22:00:07.610Z" hostname="chromium" tests="1" failures="0" skipped="0" time="2.318" errors="0">
<testcase name="My account using cookie injection" classname="myAccount.spec.js" time="2.318">
</testcase>
</testsuite>
<testsuite name="newUserFullJourney.spec.js" timestamp="2024-10-07T22:00:07.610Z" hostname="chromium" tests="1" failures="0" skipped="0" time="13.829" errors="0">
<testcase name="New user full end to end journey" classname="newUserFullJourney.spec.js" time="13.829">
</testcase>
</testsuite>
<testsuite name="productPageAddItem.spec.js" timestamp="2024-10-07T22:00:07.610Z" hostname="chromium" tests="1" failures="0" skipped="0" time="1.623" errors="0">
<testcase name="Click All Submit Buttons, Verify Text Changes, Checkout, and Navigate to Basket" classname="productPageAddItem.spec.js" time="1.623">
</testcase>
</testsuite>
<testsuite name="myAccount.spec.js" timestamp="2024-10-07T22:00:07.610Z" hostname="firefox" tests="1" failures="0" skipped="0" time="4.575" errors="0">
<testcase name="My account using cookie injection" classname="myAccount.spec.js" time="4.575">
</testcase>
</testsuite>
<testsuite name="newUserFullJourney.spec.js" timestamp="2024-10-07T22:00:07.610Z" hostname="firefox" tests="1" failures="0" skipped="0" time="16.249" errors="0">
<testcase name="New user full end to end journey" classname="newUserFullJourney.spec.js" time="16.249">
</testcase>
</testsuite>
<testsuite name="productPageAddItem.spec.js" timestamp="2024-10-07T22:00:07.610Z" hostname="firefox" tests="1" failures="0" skipped="0" time="5.133" errors="0">
<testcase name="Click All Submit Buttons, Verify Text Changes, Checkout, and Navigate to Basket" classname="productPageAddItem.spec.js" time="5.133">
</testcase>
</testsuite>
<testsuite name="myAccount.spec.js" timestamp="2024-10-07T22:00:07.610Z" hostname="webkit" tests="1" failures="0" skipped="0" time="2.312" errors="0">
<testcase name="My account using cookie injection" classname="myAccount.spec.js" time="2.312">
</testcase>
</testsuite>
<testsuite name="newUserFullJourney.spec.js" timestamp="2024-10-07T22:00:07.610Z" hostname="webkit" tests="1" failures="0" skipped="0" time="17.903" errors="0">
<testcase name="New user full end to end journey" classname="newUserFullJourney.spec.js" time="17.903">
</testcase>
</testsuite>
<testsuite name="productPageAddItem.spec.js" timestamp="2024-10-07T22:00:07.610Z" hostname="webkit" tests="1" failures="0" skipped="0" time="4.337" errors="0">
<testcase name="Click All Submit Buttons, Verify Text Changes, Checkout, and Navigate to Basket" classname="productPageAddItem.spec.js" time="4.337">
</testcase>
</testsuite>
<testsuite name="myAccount.spec.js" timestamp="2024-10-07T22:00:07.610Z" hostname="Mobile Chrome" tests="1" failures="0" skipped="0" time="2.095" errors="0">
<testcase name="My account using cookie injection" classname="myAccount.spec.js" time="2.095">
</testcase>
</testsuite>
<testsuite name="newUserFullJourney.spec.js" timestamp="2024-10-07T22:00:07.610Z" hostname="Mobile Chrome" tests="1" failures="0" skipped="0" time="11.499" errors="0">
<testcase name="New user full end to end journey" classname="newUserFullJourney.spec.js" time="11.499">
</testcase>
</testsuite>
<testsuite name="productPageAddItem.spec.js" timestamp="2024-10-07T22:00:07.610Z" hostname="Mobile Chrome" tests="1" failures="0" skipped="0" time="1.235" errors="0">
<testcase name="Click All Submit Buttons, Verify Text Changes, Checkout, and Navigate to Basket" classname="productPageAddItem.spec.js" time="1.235">
</testcase>
</testsuite>
<testsuite name="myAccount.spec.js" timestamp="2024-10-07T22:00:07.610Z" hostname="Mobile Safari" tests="1" failures="0" skipped="0" time="2.22" errors="0">
<testcase name="My account using cookie injection" classname="myAccount.spec.js" time="2.22">
</testcase>
</testsuite>
<testsuite name="newUserFullJourney.spec.js" timestamp="2024-10-07T22:00:07.610Z" hostname="Mobile Safari" tests="1" failures="0" skipped="0" time="17.637" errors="0">
<testcase name="New user full end to end journey" classname="newUserFullJourney.spec.js" time="17.637">
</testcase>
</testsuite>
<testsuite name="productPageAddItem.spec.js" timestamp="2024-10-07T22:00:07.610Z" hostname="Mobile Safari" tests="1" failures="0" skipped="0" time="4.409" errors="0">
<testcase name="Click All Submit Buttons, Verify Text Changes, Checkout, and Navigate to Basket" classname="productPageAddItem.spec.js" time="4.409">
</testcase>
</testsuite>
<testsuite name="myAccount.spec.js" timestamp="2024-10-07T22:00:07.610Z" hostname="Microsoft Edge" tests="1" failures="0" skipped="0" time="2.199" errors="0">
<testcase name="My account using cookie injection" classname="myAccount.spec.js" time="2.199">
</testcase>
</testsuite>
<testsuite name="newUserFullJourney.spec.js" timestamp="2024-10-07T22:00:07.610Z" hostname="Microsoft Edge" tests="1" failures="0" skipped="0" time="11.348" errors="0">
<testcase name="New user full end to end journey" classname="newUserFullJourney.spec.js" time="11.348">
</testcase>
</testsuite>
<testsuite name="productPageAddItem.spec.js" timestamp="2024-10-07T22:00:07.610Z" hostname="Microsoft Edge" tests="1" failures="0" skipped="0" time="0.944" errors="0">
<testcase name="Click All Submit Buttons, Verify Text Changes, Checkout, and Navigate to Basket" classname="productPageAddItem.spec.js" time="0.944">
</testcase>
</testsuite>
<testsuite name="myAccount.spec.js" timestamp="2024-10-07T22:00:07.610Z" hostname="Google Chrome" tests="1" failures="0" skipped="0" time="2.128" errors="0">
<testcase name="My account using cookie injection" classname="myAccount.spec.js" time="2.128">
</testcase>
</testsuite>
<testsuite name="newUserFullJourney.spec.js" timestamp="2024-10-07T22:00:07.610Z" hostname="Google Chrome" tests="1" failures="0" skipped="0" time="10.971" errors="0">
<testcase name="New user full end to end journey" classname="newUserFullJourney.spec.js" time="10.971">
</testcase>
</testsuite>
<testsuite name="productPageAddItem.spec.js" timestamp="2024-10-07T22:00:07.610Z" hostname="Google Chrome" tests="1" failures="0" skipped="0" time="0.706" errors="0">
<testcase name="Click All Submit Buttons, Verify Text Changes, Checkout, and Navigate to Basket" classname="productPageAddItem.spec.js" time="0.706">
</testcase>
</testsuite>
</testsuites>